<?xml version="1.0" encoding="UTF-8"?>
<!-- Generated by org.testng.reporters.JUnitXMLReporter -->
<testsuite ignored="0" hostname="INDLT-35JV373" failures="0" tests="4" name="Test" time="0.055" errors="0" timestamp="2022-02-14T16:26:52 IST">
  <testcase classname="selenium.MavenSelProject.Main2" name="IsDisplayTest" time="0.008"/>
  <testcase classname="selenium.MavenSelProject.Test2" name="IsDisplayTest" time="0.002"/>
  <testcase classname="selenium.MavenSelProject.Test1Test" name="IsDisplayTest" time="0.001"/>
  <testcase classname="selenium.MavenSelProject.Main1Test" name="IsDisplayTest" time="0.002"/>
</testsuite> <!-- Test -->
