<?xml version="1.0" encoding="UTF-8"?>
<!-- Generated by org.testng.reporters.JUnitXMLReporter -->
<testsuite ignored="0" hostname="INDLT-35JV373" failures="0" tests="12" name="Test" time="0.049" errors="0" timestamp="2022-02-15T14:49:16 IST">
  <testcase classname="selenium.MavenSelProject.Main" name="Main1" time="0.003"/>
  <testcase classname="selenium.MavenSelProject.Main" name="Main2" time="0.001"/>
  <testcase classname="selenium.MavenSelProject.Main" name="Main3" time="0.0"/>
  <testcase classname="selenium.MavenSelProject.Test1" name="Test11" time="0.001"/>
  <testcase classname="selenium.MavenSelProject.Test1" name="Test12" time="0.0"/>
  <testcase classname="selenium.MavenSelProject.Test1" name="Test13" time="0.0"/>
  <testcase classname="selenium.MavenSelProject.TestTest" name="TestTest1" time="0.0"/>
  <testcase classname="selenium.MavenSelProject.TestTest" name="TestTest2" time="0.001"/>
  <testcase classname="selenium.MavenSelProject.TestTest" name="TestTest3" time="0.0"/>
  <testcase classname="selenium.MavenSelProject.MainTest" name="MainTest1" time="0.0"/>
  <testcase classname="selenium.MavenSelProject.MainTest" name="MainTest2" time="0.0"/>
  <testcase classname="selenium.MavenSelProject.MainTest" name="MainTest3" time="0.0"/>
</testsuite> <!-- Test -->
