<?xml version="1.0" encoding="UTF-8"?>
<testng-results ignored="0" total="1" passed="1" failed="0" skipped="0">
  <reporter-output>
  </reporter-output>
  <suite started-at="2022-02-15T14:43:10 IST" name="Default suite" finished-at="2022-02-15T14:43:17 IST" duration-ms="6584">
    <groups>
    </groups>
    <test started-at="2022-02-15T14:43:10 IST" name="Default test" finished-at="2022-02-15T14:43:17 IST" duration-ms="6584">
      <class name="selenium.MavenSelProject.ExtentReporting">
        <test-method is-config="true" signature="config()[pri:0, instance:selenium.MavenSelProject.ExtentReporting@576d5deb]" started-at="2022-02-15T14:43:10 IST" name="config" finished-at="2022-02-15T14:43:10 IST" duration-ms="207" status="PASS">
          <reporter-output>
          </reporter-output>
        </test-method> <!-- config -->
        <test-method signature="initialDemo()[pri:0, instance:selenium.MavenSelProject.ExtentReporting@576d5deb]" started-at="2022-02-15T14:43:10 IST" name="initialDemo" finished-at="2022-02-15T14:43:17 IST" duration-ms="6352" status="PASS">
          <reporter-output>
          </reporter-output>
        </test-method> <!-- initialDemo -->
      </class> <!-- selenium.MavenSelProject.ExtentReporting -->
    </test> <!-- Default test -->
  </suite> <!-- Default suite -->
</testng-results>
